<test-run id="2" testcasecount="7" result="Passed" start-time="2023-05-22 00:09:08.725328" end-time="2023-05-22 00:10:15.709277" duration="66" total="7" passed="7" failed="0" inconclusive="0" skipped="0" asserts="0" clr-version="3.11.3 (tags/v3.11.3:f3909b8, Apr  4 2023, 23:49:59) [MSC v.1934 64 bit (AMD64)]" engine-version="3.6.2"><command-line>C:/Program Files/JetBrains/PyCharm 2023.1/plugins/python/helpers/pycharm/_jb_pytest_runner.py C:\Users\brayan.piedrahita\PycharmProjects\Zara\tests\test_login.py</command-line><filter><test re="0">C:\Users\brayan.piedrahita\PycharmProjects\Zara\tests\test_login.py</test></filter><test-suite id="test_login.py" name="test_login.py" fullname="test_login.py" methodname="" classname="" runstate="Runnable" type="Assembly" testcasecount="7" result="Passed" label="" start-time="2023-05-22 00:09:10.654393" end-time="2023-05-22 00:10:11.596311" duration="60.941918" asserts="0" total="7" passed="7" failed="0" warnings="0" inconclusive="0" skipped="0"><properties><property name="python_version" value="3.11.3 (tags/v3.11.3:f3909b8, Apr  4 2023, 23:49:59) [MSC v.1934 64 bit (AMD64)]" /></properties><test-case id="100" name="test_login.py::test_Check_the_login_correctly_to_site" fullname="test_login.py::test_Check_the_login_correctly_to_site" methodname="test_Check_the_login_correctly_to_site" classname="test_login.py" runstate="Runnable" seed="1" result="Passed" label="" start-time="2023-05-22 00:09:10.654393" end-time="2023-05-22 00:09:14.409651" duration="3.755258" asserts="0"><properties><property name="python-version" value="3.11.3 (tags/v3.11.3:f3909b8, Apr  4 2023, 23:49:59) [MSC v.1934 64 bit (AMD64)]" /><property name="fspath" value="test_login.py" /></properties><environment framework-version="3.6.2" clr-version="3.11.3 (tags/v3.11.3:f3909b8, Apr  4 2023, 23:49:59) [MSC v.1934 64 bit (AMD64)]" os-version="10" platform="Windows" cwd="C:\Users\brayan.piedrahita\PycharmProjects\Zara\tests" machine-name="AMD64" user="" user-domain="" culture="es_CO" uiculture="es_CO" os-architecture="64bit" /><failure><message><![CDATA[]]></message><stack-trace><![CDATA[None]]></stack-trace></failure><reason><message><![CDATA[]]></message></reason><output><![CDATA[]]></output></test-case><test-case id="101" name="test_login.py::test_Missing_username" fullname="test_login.py::test_Missing_username" methodname="test_Missing_username" classname="test_login.py" runstate="Runnable" seed="1" result="Passed" label="" start-time="2023-05-22 00:09:20.234149" end-time="2023-05-22 00:09:24.078501" duration="3.844352" asserts="0"><properties><property name="python-version" value="3.11.3 (tags/v3.11.3:f3909b8, Apr  4 2023, 23:49:59) [MSC v.1934 64 bit (AMD64)]" /><property name="fspath" value="test_login.py" /></properties><environment framework-version="3.6.2" clr-version="3.11.3 (tags/v3.11.3:f3909b8, Apr  4 2023, 23:49:59) [MSC v.1934 64 bit (AMD64)]" os-version="10" platform="Windows" cwd="C:\Users\brayan.piedrahita\PycharmProjects\Zara\tests" machine-name="AMD64" user="" user-domain="" culture="es_CO" uiculture="es_CO" os-architecture="64bit" /><failure><message><![CDATA[]]></message><stack-trace><![CDATA[None]]></stack-trace></failure><reason><message><![CDATA[]]></message></reason><output><![CDATA[]]></output></test-case><test-case id="102" name="test_login.py::test_Missing_password" fullname="test_login.py::test_Missing_password" methodname="test_Missing_password" classname="test_login.py" runstate="Runnable" seed="1" result="Passed" label="" start-time="2023-05-22 00:09:29.849950" end-time="2023-05-22 00:09:33.153043" duration="3.303093" asserts="0"><properties><property name="python-version" value="3.11.3 (tags/v3.11.3:f3909b8, Apr  4 2023, 23:49:59) [MSC v.1934 64 bit (AMD64)]" /><property name="fspath" value="test_login.py" /></properties><environment framework-version="3.6.2" clr-version="3.11.3 (tags/v3.11.3:f3909b8, Apr  4 2023, 23:49:59) [MSC v.1934 64 bit (AMD64)]" os-version="10" platform="Windows" cwd="C:\Users\brayan.piedrahita\PycharmProjects\Zara\tests" machine-name="AMD64" user="" user-domain="" culture="es_CO" uiculture="es_CO" os-architecture="64bit" /><failure><message><![CDATA[]]></message><stack-trace><![CDATA[None]]></stack-trace></failure><reason><message><![CDATA[]]></message></reason><output><![CDATA[]]></output></test-case><test-case id="103" name="test_login.py::test_Valid_username_and_password" fullname="test_login.py::test_Valid_username_and_password" methodname="test_Valid_username_and_password" classname="test_login.py" runstate="Runnable" seed="1" result="Passed" label="" start-time="2023-05-22 00:09:38.932380" end-time="2023-05-22 00:09:42.195653" duration="3.263273" asserts="0"><properties><property name="python-version" value="3.11.3 (tags/v3.11.3:f3909b8, Apr  4 2023, 23:49:59) [MSC v.1934 64 bit (AMD64)]" /><property name="fspath" value="test_login.py" /></properties><environment framework-version="3.6.2" clr-version="3.11.3 (tags/v3.11.3:f3909b8, Apr  4 2023, 23:49:59) [MSC v.1934 64 bit (AMD64)]" os-version="10" platform="Windows" cwd="C:\Users\brayan.piedrahita\PycharmProjects\Zara\tests" machine-name="AMD64" user="" user-domain="" culture="es_CO" uiculture="es_CO" os-architecture="64bit" /><failure><message><![CDATA[]]></message><stack-trace><![CDATA[None]]></stack-trace></failure><reason><message><![CDATA[]]></message></reason><output><![CDATA[]]></output></test-case><test-case id="104" name="test_login.py::test_Invalid_password" fullname="test_login.py::test_Invalid_password" methodname="test_Invalid_password" classname="test_login.py" runstate="Runnable" seed="1" result="Passed" label="" start-time="2023-05-22 00:09:47.982281" end-time="2023-05-22 00:09:51.331693" duration="3.349412" asserts="0"><properties><property name="python-version" value="3.11.3 (tags/v3.11.3:f3909b8, Apr  4 2023, 23:49:59) [MSC v.1934 64 bit (AMD64)]" /><property name="fspath" value="test_login.py" /></properties><environment framework-version="3.6.2" clr-version="3.11.3 (tags/v3.11.3:f3909b8, Apr  4 2023, 23:49:59) [MSC v.1934 64 bit (AMD64)]" os-version="10" platform="Windows" cwd="C:\Users\brayan.piedrahita\PycharmProjects\Zara\tests" machine-name="AMD64" user="" user-domain="" culture="es_CO" uiculture="es_CO" os-architecture="64bit" /><failure><message><![CDATA[]]></message><stack-trace><![CDATA[None]]></stack-trace></failure><reason><message><![CDATA[]]></message></reason><output><![CDATA[]]></output></test-case><test-case id="105" name="test_login.py::test_Active_user" fullname="test_login.py::test_Active_user" methodname="test_Active_user" classname="test_login.py" runstate="Runnable" seed="1" result="Passed" label="" start-time="2023-05-22 00:09:57.127135" end-time="2023-05-22 00:10:01.113107" duration="3.985972" asserts="0"><properties><property name="python-version" value="3.11.3 (tags/v3.11.3:f3909b8, Apr  4 2023, 23:49:59) [MSC v.1934 64 bit (AMD64)]" /><property name="fspath" value="test_login.py" /></properties><environment framework-version="3.6.2" clr-version="3.11.3 (tags/v3.11.3:f3909b8, Apr  4 2023, 23:49:59) [MSC v.1934 64 bit (AMD64)]" os-version="10" platform="Windows" cwd="C:\Users\brayan.piedrahita\PycharmProjects\Zara\tests" machine-name="AMD64" user="" user-domain="" culture="es_CO" uiculture="es_CO" os-architecture="64bit" /><failure><message><![CDATA[]]></message><stack-trace><![CDATA[None]]></stack-trace></failure><reason><message><![CDATA[]]></message></reason><output><![CDATA[]]></output></test-case><test-case id="106" name="test_login.py::test_Inactive_user" fullname="test_login.py::test_Inactive_user" methodname="test_Inactive_user" classname="test_login.py" runstate="Runnable" seed="1" result="Passed" label="" start-time="2023-05-22 00:10:07.875533" end-time="2023-05-22 00:10:11.596311" duration="3.720778" asserts="0"><properties><property name="python-version" value="3.11.3 (tags/v3.11.3:f3909b8, Apr  4 2023, 23:49:59) [MSC v.1934 64 bit (AMD64)]" /><property name="fspath" value="test_login.py" /></properties><environment framework-version="3.6.2" clr-version="3.11.3 (tags/v3.11.3:f3909b8, Apr  4 2023, 23:49:59) [MSC v.1934 64 bit (AMD64)]" os-version="10" platform="Windows" cwd="C:\Users\brayan.piedrahita\PycharmProjects\Zara\tests" machine-name="AMD64" user="" user-domain="" culture="es_CO" uiculture="es_CO" os-architecture="64bit" /><failure><message><![CDATA[]]></message><stack-trace><![CDATA[None]]></stack-trace></failure><reason><message><![CDATA[]]></message></reason><output><![CDATA[]]></output></test-case><environment framework-version="3.6.2" clr-version="3.11.3 (tags/v3.11.3:f3909b8, Apr  4 2023, 23:49:59) [MSC v.1934 64 bit (AMD64)]" os-version="10" platform="Windows" cwd="C:\Users\brayan.piedrahita\PycharmProjects\Zara\tests" machine-name="AMD64" user="" user-domain="" culture="es_CO" uiculture="es_CO" os-architecture="64bit" /></test-suite></test-run>